{"C:\\Users\\rusak\\OneDrive\\Pulpit\\reactOnlineFilms\\movie-hub\\src\\components\\LanguageSwitcher.tsx": {"path":"C:\\Users\\rusak\\OneDrive\\Pulpit\\reactOnlineFilms\\movie-hub\\src\\components\\LanguageSwitcher.tsx","statementMap":{"0":{"start":{"line":3,"column":32},"end":{"line":30,"column":null}},"1":{"start":{"line":4,"column":32},"end":{"line":4,"column":null}},"2":{"start":{"line":6,"column":2},"end":{"line":28,"column":null}},"3":{"start":{"line":9,"column":23},"end":{"line":9,"column":null}},"4":{"start":{"line":19,"column":23},"end":{"line":19,"column":null}}},"fnMap":{"0":{"name":"(anonymous_0)","decl":{"start":{"line":3,"column":32},"end":{"line":3,"column":38}},"loc":{"start":{"line":3,"column":38},"end":{"line":30,"column":null}},"line":3},"1":{"name":"(anonymous_1)","decl":{"start":{"line":9,"column":17},"end":{"line":9,"column":23}},"loc":{"start":{"line":9,"column":23},"end":{"line":9,"column":null}},"line":9},"2":{"name":"(anonymous_2)","decl":{"start":{"line":19,"column":17},"end":{"line":19,"column":23}},"loc":{"start":{"line":19,"column":23},"end":{"line":19,"column":null}},"line":19}},"branchMap":{"0":{"loc":{"start":{"line":11,"column":10},"end":{"line":13,"column":null}},"type":"cond-expr","locations":[{"start":{"line":12,"column":14},"end":{"line":12,"column":null}},{"start":{"line":13,"column":14},"end":{"line":13,"column":null}}],"line":11},"1":{"loc":{"start":{"line":21,"column":10},"end":{"line":23,"column":null}},"type":"cond-expr","locations":[{"start":{"line":22,"column":14},"end":{"line":22,"column":null}},{"start":{"line":23,"column":14},"end":{"line":23,"column":null}}],"line":21}},"s":{"0":1,"1":4,"2":4,"3":1,"4":1},"f":{"0":4,"1":1,"2":1},"b":{"0":[3,1],"1":[1,3]},"meta":{"lastBranch":2,"lastFunction":3,"lastStatement":5,"seen":{"s:3:32:30:Infinity":0,"f:3:32:3:38":0,"s:4:32:4:Infinity":1,"s:6:2:28:Infinity":2,"f:9:17:9:23":1,"s:9:23:9:Infinity":3,"b:12:14:12:Infinity:13:14:13:Infinity":0,"f:19:17:19:23":2,"s:19:23:19:Infinity":4,"b:22:14:22:Infinity:23:14:23:Infinity":1}}}
,"C:\\Users\\rusak\\OneDrive\\Pulpit\\reactOnlineFilms\\movie-hub\\src\\components\\MovieCard.tsx": {"path":"C:\\Users\\rusak\\OneDrive\\Pulpit\\reactOnlineFilms\\movie-hub\\src\\components\\MovieCard.tsx","statementMap":{"0":{"start":{"line":6,"column":13},"end":{"line":24,"column":null}},"1":{"start":{"line":7,"column":12},"end":{"line":7,"column":null}},"2":{"start":{"line":9,"column":2},"end":{"line":22,"column":null}}},"fnMap":{"0":{"name":"(anonymous_0)","decl":{"start":{"line":6,"column":30},"end":{"line":6,"column":31}},"loc":{"start":{"line":6,"column":63},"end":{"line":24,"column":1}},"line":6}},"branchMap":{},"s":{"0":1,"1":2,"2":2},"f":{"0":2},"b":{},"meta":{"lastBranch":0,"lastFunction":1,"lastStatement":3,"seen":{"s:6:13:24:Infinity":0,"f:6:30:6:31":0,"s:7:12:7:Infinity":1,"s:9:2:22:Infinity":2}}}
,"C:\\Users\\rusak\\OneDrive\\Pulpit\\reactOnlineFilms\\movie-hub\\src\\context\\LanguageContext.ts": {"path":"C:\\Users\\rusak\\OneDrive\\Pulpit\\reactOnlineFilms\\movie-hub\\src\\context\\LanguageContext.ts","statementMap":{"0":{"start":{"line":10,"column":13},"end":{"line":10,"column":null}},"1":{"start":{"line":12,"column":27},"end":{"line":18,"column":null}},"2":{"start":{"line":13,"column":8},"end":{"line":13,"column":null}},"3":{"start":{"line":14,"column":2},"end":{"line":16,"column":null}},"4":{"start":{"line":15,"column":4},"end":{"line":15,"column":null}},"5":{"start":{"line":17,"column":2},"end":{"line":17,"column":null}}},"fnMap":{"0":{"name":"(anonymous_0)","decl":{"start":{"line":12,"column":27},"end":{"line":12,"column":33}},"loc":{"start":{"line":12,"column":33},"end":{"line":18,"column":null}},"line":12}},"branchMap":{"0":{"loc":{"start":{"line":14,"column":2},"end":{"line":16,"column":null}},"type":"if","locations":[{"start":{"line":14,"column":2},"end":{"line":16,"column":null}},{"start":{},"end":{}}],"line":14}},"s":{"0":3,"1":3,"2":19,"3":19,"4":0,"5":19},"f":{"0":19},"b":{"0":[0,19]},"meta":{"lastBranch":1,"lastFunction":1,"lastStatement":6,"seen":{"s:10:13:10:Infinity":0,"s:12:27:18:Infinity":1,"f:12:27:12:33":0,"s:13:8:13:Infinity":2,"b:14:2:16:Infinity:undefined:undefined:undefined:undefined":0,"s:14:2:16:Infinity":3,"s:15:4:15:Infinity":4,"s:17:2:17:Infinity":5}}}
,"C:\\Users\\rusak\\OneDrive\\Pulpit\\reactOnlineFilms\\movie-hub\\src\\context\\LanguageProvider.tsx": {"path":"C:\\Users\\rusak\\OneDrive\\Pulpit\\reactOnlineFilms\\movie-hub\\src\\context\\LanguageProvider.tsx","statementMap":{"0":{"start":{"line":6,"column":32},"end":{"line":38,"column":null}},"1":{"start":{"line":13,"column":35},"end":{"line":16,"column":null}},"2":{"start":{"line":14,"column":18},"end":{"line":14,"column":null}},"3":{"start":{"line":15,"column":4},"end":{"line":15,"column":null}},"4":{"start":{"line":18,"column":22},"end":{"line":21,"column":null}},"5":{"start":{"line":19,"column":4},"end":{"line":19,"column":null}},"6":{"start":{"line":20,"column":4},"end":{"line":20,"column":null}},"7":{"start":{"line":23,"column":2},"end":{"line":25,"column":null}},"8":{"start":{"line":24,"column":4},"end":{"line":24,"column":null}},"9":{"start":{"line":27,"column":12},"end":{"line":31,"column":null}},"10":{"start":{"line":28,"column":24},"end":{"line":28,"column":null}},"11":{"start":{"line":29,"column":4},"end":{"line":29,"column":null}},"12":{"start":{"line":29,"column":22},"end":{"line":29,"column":null}},"13":{"start":{"line":30,"column":4},"end":{"line":30,"column":null}},"14":{"start":{"line":33,"column":2},"end":{"line":36,"column":null}}},"fnMap":{"0":{"name":"(anonymous_0)","decl":{"start":{"line":6,"column":32},"end":{"line":6,"column":33}},"loc":{"start":{"line":12,"column":6},"end":{"line":38,"column":null}},"line":12},"1":{"name":"(anonymous_1)","decl":{"start":{"line":13,"column":58},"end":{"line":13,"column":64}},"loc":{"start":{"line":13,"column":64},"end":{"line":16,"column":3}},"line":13},"2":{"name":"(anonymous_2)","decl":{"start":{"line":18,"column":22},"end":{"line":18,"column":23}},"loc":{"start":{"line":18,"column":42},"end":{"line":21,"column":null}},"line":18},"3":{"name":"(anonymous_3)","decl":{"start":{"line":23,"column":12},"end":{"line":23,"column":18}},"loc":{"start":{"line":23,"column":18},"end":{"line":25,"column":5}},"line":23},"4":{"name":"(anonymous_4)","decl":{"start":{"line":27,"column":12},"end":{"line":27,"column":13}},"loc":{"start":{"line":27,"column":29},"end":{"line":31,"column":null}},"line":27}},"branchMap":{"0":{"loc":{"start":{"line":15,"column":12},"end":{"line":15,"column":null}},"type":"binary-expr","locations":[{"start":{"line":15,"column":12},"end":{"line":15,"column":34}},{"start":{"line":15,"column":34},"end":{"line":15,"column":null}}],"line":15},"1":{"loc":{"start":{"line":29,"column":4},"end":{"line":29,"column":null}},"type":"if","locations":[{"start":{"line":29,"column":4},"end":{"line":29,"column":null}},{"start":{},"end":{}}],"line":29},"2":{"loc":{"start":{"line":30,"column":11},"end":{"line":30,"column":null}},"type":"binary-expr","locations":[{"start":{"line":30,"column":11},"end":{"line":30,"column":36}},{"start":{"line":30,"column":36},"end":{"line":30,"column":null}}],"line":30}},"s":{"0":2,"1":8,"2":5,"3":5,"4":8,"5":3,"6":3,"7":8,"8":8,"9":8,"10":25,"11":25,"12":0,"13":25,"14":8},"f":{"0":8,"1":5,"2":3,"3":8,"4":25},"b":{"0":[5,4],"1":[0,25],"2":[25,0]},"meta":{"lastBranch":3,"lastFunction":5,"lastStatement":15,"seen":{"s:6:32:38:Infinity":0,"f:6:32:6:33":0,"s:13:35:16:Infinity":1,"f:13:58:13:64":1,"s:14:18:14:Infinity":2,"s:15:4:15:Infinity":3,"b:15:12:15:34:15:34:15:Infinity":0,"s:18:22:21:Infinity":4,"f:18:22:18:23":2,"s:19:4:19:Infinity":5,"s:20:4:20:Infinity":6,"s:23:2:25:Infinity":7,"f:23:12:23:18":3,"s:24:4:24:Infinity":8,"s:27:12:31:Infinity":9,"f:27:12:27:13":4,"s:28:24:28:Infinity":10,"b:29:4:29:Infinity:undefined:undefined:undefined:undefined":1,"s:29:4:29:Infinity":11,"s:29:22:29:Infinity":12,"s:30:4:30:Infinity":13,"b:30:11:30:36:30:36:30:Infinity":2,"s:33:2:36:Infinity":14}}}
,"C:\\Users\\rusak\\OneDrive\\Pulpit\\reactOnlineFilms\\movie-hub\\src\\i18n\\translations.ts": {"path":"C:\\Users\\rusak\\OneDrive\\Pulpit\\reactOnlineFilms\\movie-hub\\src\\i18n\\translations.ts","statementMap":{"0":{"start":{"line":1,"column":28},"end":{"line":70,"column":null}}},"fnMap":{},"branchMap":{},"s":{"0":3},"f":{},"b":{},"meta":{"lastBranch":0,"lastFunction":0,"lastStatement":1,"seen":{"s:1:28:70:Infinity":0}}}
,"C:\\Users\\rusak\\OneDrive\\Pulpit\\reactOnlineFilms\\movie-hub\\src\\pages\\Search.tsx": {"path":"C:\\Users\\rusak\\OneDrive\\Pulpit\\reactOnlineFilms\\movie-hub\\src\\pages\\Search.tsx","statementMap":{"0":{"start":{"line":9,"column":16},"end":{"line":9,"column":null}},"1":{"start":{"line":11,"column":22},"end":{"line":78,"column":null}},"2":{"start":{"line":12,"column":22},"end":{"line":12,"column":null}},"3":{"start":{"line":13,"column":28},"end":{"line":13,"column":null}},"4":{"start":{"line":15,"column":8},"end":{"line":21,"column":null}},"5":{"start":{"line":17,"column":6},"end":{"line":19,"column":null}},"6":{"start":{"line":29,"column":2},"end":{"line":31,"column":null}},"7":{"start":{"line":34,"column":2},"end":{"line":39,"column":null}},"8":{"start":{"line":36,"column":4},"end":{"line":36,"column":null}},"9":{"start":{"line":37,"column":4},"end":{"line":37,"column":null}},"10":{"start":{"line":41,"column":19},"end":{"line":48,"column":null}},"11":{"start":{"line":42,"column":22},"end":{"line":42,"column":null}},"12":{"start":{"line":43,"column":16},"end":{"line":45,"column":null}},"13":{"start":{"line":46,"column":17},"end":{"line":46,"column":null}},"14":{"start":{"line":47,"column":4},"end":{"line":47,"column":null}},"15":{"start":{"line":50,"column":2},"end":{"line":76,"column":null}},"16":{"start":{"line":73,"column":10},"end":{"line":73,"column":null}}},"fnMap":{"0":{"name":"(anonymous_0)","decl":{"start":{"line":11,"column":22},"end":{"line":11,"column":28}},"loc":{"start":{"line":11,"column":28},"end":{"line":78,"column":null}},"line":11},"1":{"name":"(anonymous_1)","decl":{"start":{"line":16,"column":4},"end":{"line":16,"column":null}},"loc":{"start":{"line":17,"column":6},"end":{"line":19,"column":null}},"line":17},"2":{"name":"(anonymous_2)","decl":{"start":{"line":34,"column":12},"end":{"line":34,"column":18}},"loc":{"start":{"line":34,"column":18},"end":{"line":39,"column":5}},"line":34},"3":{"name":"(anonymous_3)","decl":{"start":{"line":41,"column":19},"end":{"line":41,"column":26}},"loc":{"start":{"line":41,"column":47},"end":{"line":48,"column":null}},"line":41},"4":{"name":"(anonymous_4)","decl":{"start":{"line":72,"column":21},"end":{"line":72,"column":22}},"loc":{"start":{"line":73,"column":10},"end":{"line":73,"column":null}},"line":73}},"branchMap":{"0":{"loc":{"start":{"line":42,"column":22},"end":{"line":42,"column":null}},"type":"cond-expr","locations":[{"start":{"line":42,"column":42},"end":{"line":42,"column":52}},{"start":{"line":42,"column":52},"end":{"line":42,"column":null}}],"line":42},"1":{"loc":{"start":{"line":61,"column":11},"end":{"line":61,"column":null}},"type":"binary-expr","locations":[{"start":{"line":61,"column":11},"end":{"line":61,"column":27}},{"start":{"line":61,"column":27},"end":{"line":61,"column":null}}],"line":61}},"s":{"0":1,"1":1,"2":5,"3":5,"4":5,"5":2,"6":5,"7":5,"8":2,"9":2,"10":5,"11":1,"12":1,"13":1,"14":1,"15":5,"16":2},"f":{"0":5,"1":2,"2":2,"3":1,"4":2},"b":{"0":[1,0],"1":[5,0]},"meta":{"lastBranch":2,"lastFunction":5,"lastStatement":17,"seen":{"s:9:16:9:Infinity":0,"s:11:22:78:Infinity":1,"f:11:22:11:28":0,"s:12:22:12:Infinity":2,"s:13:28:13:Infinity":3,"s:15:8:21:Infinity":4,"f:16:4:16:Infinity":1,"s:17:6:19:Infinity":5,"s:29:2:31:Infinity":6,"s:34:2:39:Infinity":7,"f:34:12:34:18":2,"s:36:4:36:Infinity":8,"s:37:4:37:Infinity":9,"s:41:19:48:Infinity":10,"f:41:19:41:26":3,"s:42:22:42:Infinity":11,"b:42:42:42:52:42:52:42:Infinity":0,"s:43:16:45:Infinity":12,"s:46:17:46:Infinity":13,"s:47:4:47:Infinity":14,"s:50:2:76:Infinity":15,"b:61:11:61:27:61:27:61:Infinity":1,"f:72:21:72:22":4,"s:73:10:73:Infinity":16}}}
}
